2019-08-27 14:03:43.117  INFO 32 --- [restartedMain] c.example.webthree.WebThreeApplication   : Starting WebThreeApplication on LHX-NU9C1JM with PID 32 (C:\WorkspaceForJob\SPRINGBOOT\IdeaProjects\web-three\target\classes started by lhx in C:\WorkspaceForJob\SPRINGBOOT\IdeaProjects\web-three)
2019-08-27 14:03:43.117  INFO 32 --- [restartedMain] c.example.webthree.WebThreeApplication   : No active profile set, falling back to default profiles: default
2019-08-27 14:03:44.542  WARN 32 --- [restartedMain] io.undertow.websockets.jsr               : UT026010: Buffer pool was not set on WebSocketDeploymentInfo, the default pool will be used
2019-08-27 14:03:44.573  INFO 32 --- [restartedMain] io.undertow.servlet                      : Initializing Spring embedded WebApplicationContext
2019-08-27 14:03:45.116  WARN 32 --- [restartedMain] o.s.b.d.a.OptionalLiveReloadServer       : Unable to start LiveReload server
2019-08-27 14:03:45.257  INFO 32 --- [restartedMain] c.example.webthree.WebThreeApplication   : Started WebThreeApplication in 2.596 seconds (JVM running for 6.617)
2019-08-27 15:07:30.502  INFO 32 --- [restartedMain] c.example.webthree.WebThreeApplication   : Starting WebThreeApplication on LHX-NU9C1JM with PID 32 (C:\WorkspaceForJob\SPRINGBOOT\IdeaProjects\web-three\target\classes started by lhx in C:\WorkspaceForJob\SPRINGBOOT\IdeaProjects\web-three)
2019-08-27 15:07:30.502  INFO 32 --- [restartedMain] c.example.webthree.WebThreeApplication   : No active profile set, falling back to default profiles: default
2019-08-27 15:07:31.008  WARN 32 --- [restartedMain] io.undertow.websockets.jsr               : UT026010: Buffer pool was not set on WebSocketDeploymentInfo, the default pool will be used
2019-08-27 15:07:31.010  INFO 32 --- [restartedMain] io.undertow.servlet                      : Initializing Spring embedded WebApplicationContext
2019-08-27 15:07:31.271  INFO 32 --- [restartedMain] c.example.webthree.WebThreeApplication   : Started WebThreeApplication in 0.826 seconds (JVM running for 3832.619)
2019-08-27 16:10:06.160  INFO 32 --- [restartedMain] c.example.webthree.WebThreeApplication   : Starting WebThreeApplication on LHX-NU9C1JM with PID 32 (C:\WorkspaceForJob\SPRINGBOOT\IdeaProjects\web-three\target\classes started by lhx in C:\WorkspaceForJob\SPRINGBOOT\IdeaProjects\web-three)
2019-08-27 16:10:06.160  INFO 32 --- [restartedMain] c.example.webthree.WebThreeApplication   : No active profile set, falling back to default profiles: default
2019-08-27 16:10:06.565  WARN 32 --- [restartedMain] io.undertow.websockets.jsr               : UT026010: Buffer pool was not set on WebSocketDeploymentInfo, the default pool will be used
2019-08-27 16:10:06.566  INFO 32 --- [restartedMain] io.undertow.servlet                      : Initializing Spring embedded WebApplicationContext
2019-08-27 16:10:06.766  INFO 32 --- [restartedMain] c.example.webthree.WebThreeApplication   : Started WebThreeApplication in 0.644 seconds (JVM running for 7588.114)
2019-08-27 16:10:16.427  INFO 32 --- [restartedMain] c.example.webthree.WebThreeApplication   : Starting WebThreeApplication on LHX-NU9C1JM with PID 32 (C:\WorkspaceForJob\SPRINGBOOT\IdeaProjects\web-three\target\classes started by lhx in C:\WorkspaceForJob\SPRINGBOOT\IdeaProjects\web-three)
2019-08-27 16:10:16.427  INFO 32 --- [restartedMain] c.example.webthree.WebThreeApplication   : No active profile set, falling back to default profiles: default
2019-08-27 16:10:16.660  WARN 32 --- [restartedMain] io.undertow.websockets.jsr               : UT026010: Buffer pool was not set on WebSocketDeploymentInfo, the default pool will be used
2019-08-27 16:10:16.661  INFO 32 --- [restartedMain] io.undertow.servlet                      : Initializing Spring embedded WebApplicationContext
2019-08-27 16:10:16.761  INFO 32 --- [restartedMain] c.example.webthree.WebThreeApplication   : Started WebThreeApplication in 0.419 seconds (JVM running for 7598.109)
2019-08-27 16:10:37.385  INFO 32 --- [restartedMain] c.example.webthree.WebThreeApplication   : Starting WebThreeApplication on LHX-NU9C1JM with PID 32 (C:\WorkspaceForJob\SPRINGBOOT\IdeaProjects\web-three\target\classes started by lhx in C:\WorkspaceForJob\SPRINGBOOT\IdeaProjects\web-three)
2019-08-27 16:10:37.385  INFO 32 --- [restartedMain] c.example.webthree.WebThreeApplication   : No active profile set, falling back to default profiles: default
2019-08-27 16:10:37.587  WARN 32 --- [restartedMain] io.undertow.websockets.jsr               : UT026010: Buffer pool was not set on WebSocketDeploymentInfo, the default pool will be used
2019-08-27 16:10:37.588  INFO 32 --- [restartedMain] io.undertow.servlet                      : Initializing Spring embedded WebApplicationContext
2019-08-27 16:10:37.705  INFO 32 --- [restartedMain] c.example.webthree.WebThreeApplication   : Started WebThreeApplication in 0.345 seconds (JVM running for 7619.053)
2019-08-27 16:11:13.521  INFO 32 --- [restartedMain] c.example.webthree.WebThreeApplication   : Starting WebThreeApplication on LHX-NU9C1JM with PID 32 (C:\WorkspaceForJob\SPRINGBOOT\IdeaProjects\web-three\target\classes started by lhx in C:\WorkspaceForJob\SPRINGBOOT\IdeaProjects\web-three)
2019-08-27 16:11:13.522  INFO 32 --- [restartedMain] c.example.webthree.WebThreeApplication   : No active profile set, falling back to default profiles: default
2019-08-27 16:11:13.820  WARN 32 --- [restartedMain] io.undertow.websockets.jsr               : UT026010: Buffer pool was not set on WebSocketDeploymentInfo, the default pool will be used
2019-08-27 16:11:13.821  INFO 32 --- [restartedMain] io.undertow.servlet                      : Initializing Spring embedded WebApplicationContext
2019-08-27 16:11:13.917  INFO 32 --- [restartedMain] c.example.webthree.WebThreeApplication   : Started WebThreeApplication in 0.468 seconds (JVM running for 7655.266)
2019-08-27 16:11:21.499  INFO 32 --- [restartedMain] c.example.webthree.WebThreeApplication   : Starting WebThreeApplication on LHX-NU9C1JM with PID 32 (C:\WorkspaceForJob\SPRINGBOOT\IdeaProjects\web-three\target\classes started by lhx in C:\WorkspaceForJob\SPRINGBOOT\IdeaProjects\web-three)
2019-08-27 16:11:21.500  INFO 32 --- [restartedMain] c.example.webthree.WebThreeApplication   : No active profile set, falling back to default profiles: default
2019-08-27 16:11:21.702  WARN 32 --- [restartedMain] io.undertow.websockets.jsr               : UT026010: Buffer pool was not set on WebSocketDeploymentInfo, the default pool will be used
2019-08-27 16:11:21.703  INFO 32 --- [restartedMain] io.undertow.servlet                      : Initializing Spring embedded WebApplicationContext
2019-08-27 16:11:21.799  INFO 32 --- [restartedMain] c.example.webthree.WebThreeApplication   : Started WebThreeApplication in 0.327 seconds (JVM running for 7663.148)
2019-08-27 16:11:36.429  INFO 32 --- [restartedMain] c.example.webthree.WebThreeApplication   : Starting WebThreeApplication on LHX-NU9C1JM with PID 32 (C:\WorkspaceForJob\SPRINGBOOT\IdeaProjects\web-three\target\classes started by lhx in C:\WorkspaceForJob\SPRINGBOOT\IdeaProjects\web-three)
2019-08-27 16:11:36.429  INFO 32 --- [restartedMain] c.example.webthree.WebThreeApplication   : No active profile set, falling back to default profiles: default
2019-08-27 16:11:36.627  WARN 32 --- [restartedMain] io.undertow.websockets.jsr               : UT026010: Buffer pool was not set on WebSocketDeploymentInfo, the default pool will be used
2019-08-27 16:11:36.629  INFO 32 --- [restartedMain] io.undertow.servlet                      : Initializing Spring embedded WebApplicationContext
2019-08-27 16:11:36.784  INFO 32 --- [restartedMain] c.example.webthree.WebThreeApplication   : Started WebThreeApplication in 0.38 seconds (JVM running for 7678.132)
2019-08-27 16:12:35.954  INFO 32 --- [restartedMain] c.example.webthree.WebThreeApplication   : Starting WebThreeApplication on LHX-NU9C1JM with PID 32 (C:\WorkspaceForJob\SPRINGBOOT\IdeaProjects\web-three\target\classes started by lhx in C:\WorkspaceForJob\SPRINGBOOT\IdeaProjects\web-three)
2019-08-27 16:12:35.955  INFO 32 --- [restartedMain] c.example.webthree.WebThreeApplication   : No active profile set, falling back to default profiles: default
2019-08-27 16:12:36.279  WARN 32 --- [restartedMain] io.undertow.websockets.jsr               : UT026010: Buffer pool was not set on WebSocketDeploymentInfo, the default pool will be used
2019-08-27 16:12:36.280  INFO 32 --- [restartedMain] io.undertow.servlet                      : Initializing Spring embedded WebApplicationContext
2019-08-27 16:12:36.389  INFO 32 --- [restartedMain] c.example.webthree.WebThreeApplication   : Started WebThreeApplication in 0.461 seconds (JVM running for 7737.738)
2019-08-27 16:12:44.027  INFO 32 --- [restartedMain] c.example.webthree.WebThreeApplication   : Starting WebThreeApplication on LHX-NU9C1JM with PID 32 (C:\WorkspaceForJob\SPRINGBOOT\IdeaProjects\web-three\target\classes started by lhx in C:\WorkspaceForJob\SPRINGBOOT\IdeaProjects\web-three)
2019-08-27 16:12:44.027  INFO 32 --- [restartedMain] c.example.webthree.WebThreeApplication   : No active profile set, falling back to default profiles: default
2019-08-27 16:12:44.322  WARN 32 --- [restartedMain] io.undertow.websockets.jsr               : UT026010: Buffer pool was not set on WebSocketDeploymentInfo, the default pool will be used
2019-08-27 16:12:44.323  INFO 32 --- [restartedMain] io.undertow.servlet                      : Initializing Spring embedded WebApplicationContext
2019-08-27 16:12:44.415  INFO 32 --- [restartedMain] c.example.webthree.WebThreeApplication   : Started WebThreeApplication in 0.418 seconds (JVM running for 7745.763)
2019-08-27 16:13:26.613  INFO 32 --- [restartedMain] c.example.webthree.WebThreeApplication   : Starting WebThreeApplication on LHX-NU9C1JM with PID 32 (C:\WorkspaceForJob\SPRINGBOOT\IdeaProjects\web-three\target\classes started by lhx in C:\WorkspaceForJob\SPRINGBOOT\IdeaProjects\web-three)
2019-08-27 16:13:26.614  INFO 32 --- [restartedMain] c.example.webthree.WebThreeApplication   : No active profile set, falling back to default profiles: default
2019-08-27 16:13:26.844  WARN 32 --- [restartedMain] io.undertow.websockets.jsr               : UT026010: Buffer pool was not set on WebSocketDeploymentInfo, the default pool will be used
2019-08-27 16:13:26.845  INFO 32 --- [restartedMain] io.undertow.servlet                      : Initializing Spring embedded WebApplicationContext
2019-08-27 16:13:26.941  INFO 32 --- [restartedMain] c.example.webthree.WebThreeApplication   : Started WebThreeApplication in 0.362 seconds (JVM running for 7788.289)
2019-08-27 16:13:50.585  INFO 32 --- [restartedMain] c.example.webthree.WebThreeApplication   : Starting WebThreeApplication on LHX-NU9C1JM with PID 32 (C:\WorkspaceForJob\SPRINGBOOT\IdeaProjects\web-three\target\classes started by lhx in C:\WorkspaceForJob\SPRINGBOOT\IdeaProjects\web-three)
2019-08-27 16:13:50.586  INFO 32 --- [restartedMain] c.example.webthree.WebThreeApplication   : No active profile set, falling back to default profiles: default
2019-08-27 16:13:50.880  WARN 32 --- [restartedMain] io.undertow.websockets.jsr               : UT026010: Buffer pool was not set on WebSocketDeploymentInfo, the default pool will be used
2019-08-27 16:13:50.888  INFO 32 --- [restartedMain] io.undertow.servlet                      : Initializing Spring embedded WebApplicationContext
2019-08-27 16:13:51.021  INFO 32 --- [restartedMain] c.example.webthree.WebThreeApplication   : Started WebThreeApplication in 0.469 seconds (JVM running for 7812.369)
2019-08-27 16:15:48.246  INFO 32 --- [restartedMain] c.example.webthree.WebThreeApplication   : Starting WebThreeApplication on LHX-NU9C1JM with PID 32 (C:\WorkspaceForJob\SPRINGBOOT\IdeaProjects\web-three\target\classes started by lhx in C:\WorkspaceForJob\SPRINGBOOT\IdeaProjects\web-three)
2019-08-27 16:15:48.247  INFO 32 --- [restartedMain] c.example.webthree.WebThreeApplication   : No active profile set, falling back to default profiles: default
2019-08-27 16:15:48.453  WARN 32 --- [restartedMain] io.undertow.websockets.jsr               : UT026010: Buffer pool was not set on WebSocketDeploymentInfo, the default pool will be used
2019-08-27 16:15:48.455  INFO 32 --- [restartedMain] io.undertow.servlet                      : Initializing Spring embedded WebApplicationContext
2019-08-27 16:15:48.550  INFO 32 --- [restartedMain] c.example.webthree.WebThreeApplication   : Started WebThreeApplication in 0.327 seconds (JVM running for 7929.898)
2019-08-27 16:15:54.070  INFO 32 --- [restartedMain] c.example.webthree.WebThreeApplication   : Starting WebThreeApplication on LHX-NU9C1JM with PID 32 (C:\WorkspaceForJob\SPRINGBOOT\IdeaProjects\web-three\target\classes started by lhx in C:\WorkspaceForJob\SPRINGBOOT\IdeaProjects\web-three)
2019-08-27 16:15:54.070  INFO 32 --- [restartedMain] c.example.webthree.WebThreeApplication   : No active profile set, falling back to default profiles: default
2019-08-27 16:15:54.282  WARN 32 --- [restartedMain] io.undertow.websockets.jsr               : UT026010: Buffer pool was not set on WebSocketDeploymentInfo, the default pool will be used
2019-08-27 16:15:54.283  INFO 32 --- [restartedMain] io.undertow.servlet                      : Initializing Spring embedded WebApplicationContext
2019-08-27 16:15:54.373  INFO 32 --- [restartedMain] c.example.webthree.WebThreeApplication   : Started WebThreeApplication in 0.33 seconds (JVM running for 7935.722)
2019-08-27 16:15:57.278  INFO 32 --- [restartedMain] c.example.webthree.WebThreeApplication   : Starting WebThreeApplication on LHX-NU9C1JM with PID 32 (C:\WorkspaceForJob\SPRINGBOOT\IdeaProjects\web-three\target\classes started by lhx in C:\WorkspaceForJob\SPRINGBOOT\IdeaProjects\web-three)
2019-08-27 16:15:57.278  INFO 32 --- [restartedMain] c.example.webthree.WebThreeApplication   : No active profile set, falling back to default profiles: default
2019-08-27 16:15:57.528  WARN 32 --- [restartedMain] io.undertow.websockets.jsr               : UT026010: Buffer pool was not set on WebSocketDeploymentInfo, the default pool will be used
2019-08-27 16:15:57.530  INFO 32 --- [restartedMain] io.undertow.servlet                      : Initializing Spring embedded WebApplicationContext
2019-08-27 16:15:57.642  INFO 32 --- [restartedMain] c.example.webthree.WebThreeApplication   : Started WebThreeApplication in 0.391 seconds (JVM running for 7938.989)
2019-08-27 16:16:15.251  INFO 32 --- [restartedMain] c.example.webthree.WebThreeApplication   : Starting WebThreeApplication on LHX-NU9C1JM with PID 32 (C:\WorkspaceForJob\SPRINGBOOT\IdeaProjects\web-three\target\classes started by lhx in C:\WorkspaceForJob\SPRINGBOOT\IdeaProjects\web-three)
2019-08-27 16:16:15.252  INFO 32 --- [restartedMain] c.example.webthree.WebThreeApplication   : No active profile set, falling back to default profiles: default
2019-08-27 16:16:15.438  WARN 32 --- [restartedMain] io.undertow.websockets.jsr               : UT026010: Buffer pool was not set on WebSocketDeploymentInfo, the default pool will be used
2019-08-27 16:16:15.438  INFO 32 --- [restartedMain] io.undertow.servlet                      : Initializing Spring embedded WebApplicationContext
2019-08-27 16:16:15.614  INFO 32 --- [restartedMain] c.example.webthree.WebThreeApplication   : Started WebThreeApplication in 0.391 seconds (JVM running for 7956.962)
2019-08-27 16:16:27.275  INFO 32 --- [restartedMain] c.example.webthree.WebThreeApplication   : Starting WebThreeApplication on LHX-NU9C1JM with PID 32 (C:\WorkspaceForJob\SPRINGBOOT\IdeaProjects\web-three\target\classes started by lhx in C:\WorkspaceForJob\SPRINGBOOT\IdeaProjects\web-three)
2019-08-27 16:16:27.276  INFO 32 --- [restartedMain] c.example.webthree.WebThreeApplication   : No active profile set, falling back to default profiles: default
2019-08-27 16:16:27.471  WARN 32 --- [restartedMain] io.undertow.websockets.jsr               : UT026010: Buffer pool was not set on WebSocketDeploymentInfo, the default pool will be used
2019-08-27 16:16:27.473  INFO 32 --- [restartedMain] io.undertow.servlet                      : Initializing Spring embedded WebApplicationContext
2019-08-27 16:16:27.565  INFO 32 --- [restartedMain] c.example.webthree.WebThreeApplication   : Started WebThreeApplication in 0.315 seconds (JVM running for 7968.913)
2019-08-27 16:16:44.174  INFO 32 --- [restartedMain] c.example.webthree.WebThreeApplication   : Starting WebThreeApplication on LHX-NU9C1JM with PID 32 (C:\WorkspaceForJob\SPRINGBOOT\IdeaProjects\web-three\target\classes started by lhx in C:\WorkspaceForJob\SPRINGBOOT\IdeaProjects\web-three)
2019-08-27 16:16:44.174  INFO 32 --- [restartedMain] c.example.webthree.WebThreeApplication   : No active profile set, falling back to default profiles: default
2019-08-27 16:16:44.429  WARN 32 --- [restartedMain] io.undertow.websockets.jsr               : UT026010: Buffer pool was not set on WebSocketDeploymentInfo, the default pool will be used
2019-08-27 16:16:44.430  INFO 32 --- [restartedMain] io.undertow.servlet                      : Initializing Spring embedded WebApplicationContext
2019-08-27 16:16:44.546  INFO 32 --- [restartedMain] c.example.webthree.WebThreeApplication   : Started WebThreeApplication in 0.435 seconds (JVM running for 7985.894)
2019-08-27 16:16:49.116  INFO 32 --- [restartedMain] c.example.webthree.WebThreeApplication   : Starting WebThreeApplication on LHX-NU9C1JM with PID 32 (C:\WorkspaceForJob\SPRINGBOOT\IdeaProjects\web-three\target\classes started by lhx in C:\WorkspaceForJob\SPRINGBOOT\IdeaProjects\web-three)
2019-08-27 16:16:49.116  INFO 32 --- [restartedMain] c.example.webthree.WebThreeApplication   : No active profile set, falling back to default profiles: default
2019-08-27 16:16:49.367  WARN 32 --- [restartedMain] io.undertow.websockets.jsr               : UT026010: Buffer pool was not set on WebSocketDeploymentInfo, the default pool will be used
2019-08-27 16:16:49.368  INFO 32 --- [restartedMain] io.undertow.servlet                      : Initializing Spring embedded WebApplicationContext
2019-08-27 16:16:49.503  INFO 32 --- [restartedMain] c.example.webthree.WebThreeApplication   : Started WebThreeApplication in 0.412 seconds (JVM running for 7990.851)
2019-08-27 16:16:51.011  INFO 32 --- [restartedMain] c.example.webthree.WebThreeApplication   : Starting WebThreeApplication on LHX-NU9C1JM with PID 32 (C:\WorkspaceForJob\SPRINGBOOT\IdeaProjects\web-three\target\classes started by lhx in C:\WorkspaceForJob\SPRINGBOOT\IdeaProjects\web-three)
2019-08-27 16:16:51.011  INFO 32 --- [restartedMain] c.example.webthree.WebThreeApplication   : No active profile set, falling back to default profiles: default
2019-08-27 16:16:51.279  WARN 32 --- [restartedMain] io.undertow.websockets.jsr               : UT026010: Buffer pool was not set on WebSocketDeploymentInfo, the default pool will be used
2019-08-27 16:16:51.279  INFO 32 --- [restartedMain] io.undertow.servlet                      : Initializing Spring embedded WebApplicationContext
2019-08-27 16:16:51.371  INFO 32 --- [restartedMain] c.example.webthree.WebThreeApplication   : Started WebThreeApplication in 0.384 seconds (JVM running for 7992.719)
2019-08-27 16:17:05.973  INFO 32 --- [restartedMain] c.example.webthree.WebThreeApplication   : Starting WebThreeApplication on LHX-NU9C1JM with PID 32 (C:\WorkspaceForJob\SPRINGBOOT\IdeaProjects\web-three\target\classes started by lhx in C:\WorkspaceForJob\SPRINGBOOT\IdeaProjects\web-three)
2019-08-27 16:17:05.973  INFO 32 --- [restartedMain] c.example.webthree.WebThreeApplication   : No active profile set, falling back to default profiles: default
2019-08-27 16:17:06.176  WARN 32 --- [restartedMain] io.undertow.websockets.jsr               : UT026010: Buffer pool was not set on WebSocketDeploymentInfo, the default pool will be used
2019-08-27 16:17:06.177  INFO 32 --- [restartedMain] io.undertow.servlet                      : Initializing Spring embedded WebApplicationContext
2019-08-27 16:17:06.272  INFO 32 --- [restartedMain] c.example.webthree.WebThreeApplication   : Started WebThreeApplication in 0.325 seconds (JVM running for 8007.62)
2019-08-27 16:17:30.014  INFO 32 --- [restartedMain] c.example.webthree.WebThreeApplication   : Starting WebThreeApplication on LHX-NU9C1JM with PID 32 (C:\WorkspaceForJob\SPRINGBOOT\IdeaProjects\web-three\target\classes started by lhx in C:\WorkspaceForJob\SPRINGBOOT\IdeaProjects\web-three)
2019-08-27 16:17:30.015  INFO 32 --- [restartedMain] c.example.webthree.WebThreeApplication   : No active profile set, falling back to default profiles: default
2019-08-27 16:17:30.384  WARN 32 --- [restartedMain] io.undertow.websockets.jsr               : UT026010: Buffer pool was not set on WebSocketDeploymentInfo, the default pool will be used
2019-08-27 16:17:30.389  INFO 32 --- [restartedMain] io.undertow.servlet                      : Initializing Spring embedded WebApplicationContext
2019-08-27 16:17:30.637  INFO 32 --- [restartedMain] c.example.webthree.WebThreeApplication   : Started WebThreeApplication in 0.7 seconds (JVM running for 8031.985)
2019-08-27 16:17:35.157  INFO 32 --- [restartedMain] c.example.webthree.WebThreeApplication   : Starting WebThreeApplication on LHX-NU9C1JM with PID 32 (C:\WorkspaceForJob\SPRINGBOOT\IdeaProjects\web-three\target\classes started by lhx in C:\WorkspaceForJob\SPRINGBOOT\IdeaProjects\web-three)
2019-08-27 16:17:35.158  INFO 32 --- [restartedMain] c.example.webthree.WebThreeApplication   : No active profile set, falling back to default profiles: default
2019-08-27 16:17:35.371  WARN 32 --- [restartedMain] io.undertow.websockets.jsr               : UT026010: Buffer pool was not set on WebSocketDeploymentInfo, the default pool will be used
2019-08-27 16:17:35.373  INFO 32 --- [restartedMain] io.undertow.servlet                      : Initializing Spring embedded WebApplicationContext
2019-08-27 16:17:35.496  INFO 32 --- [restartedMain] c.example.webthree.WebThreeApplication   : Started WebThreeApplication in 0.368 seconds (JVM running for 8036.845)
